Traceback (most recent call last):
  File "/home/vbarra/.local/share/pipx/venvs/jupyter-book/lib/python3.12/site-packages/jupyter_core/utils/__init__.py", line 154, in wrapped
    asyncio.get_running_loop()
RuntimeError: no running event loop

During handling of the above exception, another exception occurred:

Traceback (most recent call last):
  File "/home/vbarra/.local/share/pipx/venvs/jupyter-book/lib/python3.12/site-packages/jupyter_cache/executors/utils.py", line 58, in single_nb_execution
    executenb(
  File "/home/vbarra/.local/share/pipx/venvs/jupyter-book/lib/python3.12/site-packages/nbclient/client.py", line 1319, in execute
    return NotebookClient(nb=nb, resources=resources, km=km, **kwargs).execute()
           ^^^^^^^^^^^^^^^^^^^^^^^^^^^^^^^^^^^^^^^^^^^^^^^^^^^^^^^^^^^^^^^^^^^^^
  File "/home/vbarra/.local/share/pipx/venvs/jupyter-book/lib/python3.12/site-packages/jupyter_core/utils/__init__.py", line 158, in wrapped
    return loop.run_until_complete(inner)
           ^^^^^^^^^^^^^^^^^^^^^^^^^^^^^^
  File "/usr/lib/python3.12/asyncio/base_events.py", line 687, in run_until_complete
    return future.result()
           ^^^^^^^^^^^^^^^
  File "/home/vbarra/.local/share/pipx/venvs/jupyter-book/lib/python3.12/site-packages/nbclient/client.py", line 709, in async_execute
    await self.async_execute_cell(
  File "/home/vbarra/.local/share/pipx/venvs/jupyter-book/lib/python3.12/site-packages/nbclient/client.py", line 1062, in async_execute_cell
    await self._check_raise_for_error(cell, cell_index, exec_reply)
  File "/home/vbarra/.local/share/pipx/venvs/jupyter-book/lib/python3.12/site-packages/nbclient/client.py", line 918, in _check_raise_for_error
    raise CellExecutionError.from_cell_and_msg(cell, exec_reply_content)
nbclient.exceptions.CellExecutionError: An error occurred while executing the following cell:
------------------
using MPI
include("../julia_codes/hw4_sol/naivereduce.jl")
include("../julia_codes/hw4_sol/mstreduce.jl")
include("../julia_codes/hw4_sol/mstreduce_iter.jl")

let
  # Initialize MPI
  MPI.Init()

  # store communicator
  mpicomm = MPI.COMM_WORLD

  # Get some MPI info
  mpirank = MPI.Comm_rank(mpicomm)
  mpisize = MPI.Comm_size(mpicomm)

  # Divide all ranks halfway to determine the root
  root = div(mpisize, 2) # Integer division

  # create buffer for the communication
  buf = [mpirank]

  # test the different reduce versions (non-recursive MST, recursive MST, and naivereduce)
  mstreduce_iter!(buf, root, mpicomm)
  mstreduce!(buf, root, mpicomm)
  naivereduce!(buf, root, mpicomm)

  # Let's time them
  mst_iter_t1 = time_ns() # The time_ns() function in Julia returns the current time in nanoseconds
  mstreduce_iter!(buf, root, mpicomm)
  mst_iter_t2 = time_ns()
  mst_t1 = time_ns() # The time_ns() function in Julia returns the current time in nanoseconds
  mstreduce!(buf, root, mpicomm)
  mst_t2 = time_ns()
  nve_t1 = time_ns()
  naivereduce!(buf, root, mpicomm)
  nve_t2 = time_ns()

  mpirank == 0 && print("Elapsed time for the naive algorithm: \n")
  mpirank == 0 && @show (nve_t2 - nve_t1) * 1e-9
  mpirank == 0 && print("Elapsed time for the recursive mst algorithm: \n")
  mpirank == 0 && @show (mst_t2 - mst_t1) * 1e-9
  mpirank == 0 && print("Elapsed time for the iterative (non-recursive) mst algorithm: \n")
  mpirank == 0 && @show (mst_iter_t2 - mst_iter_t1) * 1e-9

  # shutdown MPI
  MPI.Finalize()
end

------------------


ArgumentError: Package MPI not found in current path.
- Run `import Pkg; Pkg.add("MPI")` to install the MPI package.

Stacktrace:
 [1] [0m[1mmacro expansion[22m
[90m   @[39m [90m./[39m[90m[4mloading.jl:1842[24m[39m[90m [inlined][39m
 [2] [0m[1mmacro expansion[22m
[90m   @[39m [90m./[39m[90m[4mlock.jl:267[24m[39m[90m [inlined][39m
 [3] [0m[1m__require[22m[0m[1m([22m[90minto[39m::[0mModule, [90mmod[39m::[0mSymbol[0m[1m)[22m
[90m   @[39m [90mBase[39m [90m./[39m[90m[4mloading.jl:1823[24m[39m
 [4] [0m[1m#invoke_in_world#3[22m
[90m   @[39m [90m./[39m[90m[4messentials.jl:926[24m[39m[90m [inlined][39m
 [5] [0m[1minvoke_in_world[22m
[90m   @[39m [90m./[39m[90m[4messentials.jl:923[24m[39m[90m [inlined][39m
 [6] [0m[1mrequire[22m[0m[1m([22m[90minto[39m::[0mModule, [90mmod[39m::[0mSymbol[0m[1m)[22m
[90m   @[39m [90mBase[39m [90m./[39m[90m[4mloading.jl:1816[24m[39m

